Release 14.7 - xst P.20131013 (nt64)
Copyright (c) 1995-2013 Xilinx, Inc.  All rights reserved.
--> Parameter TMPDIR set to xst/projnav.tmp


Total REAL time to Xst completion: 0.00 secs
Total CPU time to Xst completion: 0.20 secs
 
--> Parameter xsthdpdir set to xst


Total REAL time to Xst completion: 0.00 secs
Total CPU time to Xst completion: 0.20 secs
 
--> Reading design: schemaWithKeyboard.prj

TABLE OF CONTENTS
  1) Synthesis Options Summary
  2) HDL Compilation
  3) Design Hierarchy Analysis
  4) HDL Analysis
  5) HDL Synthesis
     5.1) HDL Synthesis Report
  6) Advanced HDL Synthesis
     6.1) Advanced HDL Synthesis Report
  7) Low Level Synthesis
  8) Partition Report
  9) Final Report
	9.1) Device utilization summary
	9.2) Partition Resource Summary
	9.3) TIMING REPORT


=========================================================================
*                      Synthesis Options Summary                        *
=========================================================================
---- Source Parameters
Input File Name                    : "schemaWithKeyboard.prj"
Input Format                       : mixed
Ignore Synthesis Constraint File   : NO

---- Target Parameters
Output File Name                   : "schemaWithKeyboard"
Output Format                      : NGC
Target Device                      : xc3s500e-4-fg320

---- Source Options
Top Module Name                    : schemaWithKeyboard
Automatic FSM Extraction           : YES
FSM Encoding Algorithm             : Auto
Safe Implementation                : No
FSM Style                          : LUT
RAM Extraction                     : Yes
RAM Style                          : Auto
ROM Extraction                     : Yes
Mux Style                          : Auto
Decoder Extraction                 : YES
Priority Encoder Extraction        : Yes
Shift Register Extraction          : YES
Logical Shifter Extraction         : YES
XOR Collapsing                     : YES
ROM Style                          : Auto
Mux Extraction                     : Yes
Resource Sharing                   : YES
Asynchronous To Synchronous        : NO
Multiplier Style                   : Auto
Automatic Register Balancing       : No

---- Target Options
Add IO Buffers                     : YES
Global Maximum Fanout              : 100000
Add Generic Clock Buffer(BUFG)     : 24
Register Duplication               : YES
Slice Packing                      : YES
Optimize Instantiated Primitives   : NO
Use Clock Enable                   : Yes
Use Synchronous Set                : Yes
Use Synchronous Reset              : Yes
Pack IO Registers into IOBs        : Auto
Equivalent register Removal        : YES

---- General Options
Optimization Goal                  : Speed
Optimization Effort                : 1
Keep Hierarchy                     : No
Netlist Hierarchy                  : As_Optimized
RTL Output                         : Yes
Global Optimization                : AllClockNets
Read Cores                         : YES
Write Timing Constraints           : NO
Cross Clock Analysis               : NO
Hierarchy Separator                : /
Bus Delimiter                      : <>
Case Specifier                     : Maintain
Slice Utilization Ratio            : 100
BRAM Utilization Ratio             : 100
Verilog 2001                       : YES
Auto BRAM Packing                  : NO
Slice Utilization Ratio Delta      : 5

=========================================================================


=========================================================================
*                          HDL Compilation                              *
=========================================================================
Compiling vhdl file "C:/Users/kamil/Desktop/STUDIA/VI SEMESTR/UCiSW2/organs/KeyboardMapper.vhd" in Library work.
Entity <KeyboardMapper> compiled.
Entity <KeyboardMapper> (Architecture <Behavioral>) compiled.
Compiling vhdl file "C:/Users/kamil/Desktop/STUDIA/VI SEMESTR/UCiSW2/organs/SawGenerator.vhd" in Library work.
Architecture behavioral of Entity sawgenerator is up to date.
Compiling vhdl file "C:/Users/kamil/Desktop/STUDIA/VI SEMESTR/UCiSW2/organs/schemaWithKeyboard.vhf" in Library work.
Entity <schemaWithKeyboard> compiled.
Entity <schemaWithKeyboard> (Architecture <BEHAVIORAL>) compiled.

=========================================================================
*                     Design Hierarchy Analysis                         *
=========================================================================
Analyzing hierarchy for entity <schemaWithKeyboard> in library <work> (architecture <BEHAVIORAL>).

Analyzing hierarchy for entity <KeyboardMapper> in library <work> (architecture <Behavioral>).

Analyzing hierarchy for entity <SawGenerator> in library <work> (architecture <behavioral>).


=========================================================================
*                            HDL Analysis                               *
=========================================================================
Analyzing Entity <schemaWithKeyboard> in library <work> (Architecture <BEHAVIORAL>).
WARNING:Xst:2211 - "C:/Users/kamil/Desktop/STUDIA/VI SEMESTR/UCiSW2/organs/schemaWithKeyboard.vhf" line 107: Instantiating black box module <PS2_Kbd>.
WARNING:Xst:2211 - "C:/Users/kamil/Desktop/STUDIA/VI SEMESTR/UCiSW2/organs/schemaWithKeyboard.vhf" line 131: Instantiating black box module <DACWrite>.
Entity <schemaWithKeyboard> analyzed. Unit <schemaWithKeyboard> generated.

Analyzing Entity <KeyboardMapper> in library <work> (Architecture <Behavioral>).
Entity <KeyboardMapper> analyzed. Unit <KeyboardMapper> generated.

Analyzing Entity <SawGenerator> in library <work> (Architecture <behavioral>).
Entity <SawGenerator> analyzed. Unit <SawGenerator> generated.


=========================================================================
*                           HDL Synthesis                               *
=========================================================================

Performing bidirectional port resolution...

Synthesizing Unit <KeyboardMapper>.
    Related source file is "C:/Users/kamil/Desktop/STUDIA/VI SEMESTR/UCiSW2/organs/KeyboardMapper.vhd".
WARNING:Xst:647 - Input <E0> is never used. This port will be preserved and left unconnected if it belongs to a top-level block or it belongs to a sub-block and the hierarchy of this sub-block is preserved.
    Using one-hot encoding for signal <State>.
    Found 13-bit register for signal <State>.
    Summary:
	inferred  13 D-type flip-flop(s).
Unit <KeyboardMapper> synthesized.


Synthesizing Unit <SawGenerator>.
    Related source file is "C:/Users/kamil/Desktop/STUDIA/VI SEMESTR/UCiSW2/organs/SawGenerator.vhd".
    Found 16x11-bit ROM for signal <Cycles_Per_Step>.
    Found 1-bit register for signal <Sample_Rdy>.
    Found 32-bit up counter for signal <Cycle_Counter>.
    Found 32-bit comparator equal for signal <Cycle_Counter$cmp_eq0000> created at line 92.
    Found 8-bit up counter for signal <Sample_Counter>.
    Found 32-bit up counter for signal <Step_Counter>.
    Summary:
	inferred   1 ROM(s).
	inferred   3 Counter(s).
	inferred   1 D-type flip-flop(s).
	inferred   1 Comparator(s).
Unit <SawGenerator> synthesized.


Synthesizing Unit <schemaWithKeyboard>.
    Related source file is "C:/Users/kamil/Desktop/STUDIA/VI SEMESTR/UCiSW2/organs/schemaWithKeyboard.vhf".
WARNING:Xst:653 - Signal <XLXI_4_Reset_openSignal> is used but never assigned. This sourceless signal will be automatically connected to value 0.
Unit <schemaWithKeyboard> synthesized.


=========================================================================
HDL Synthesis Report

Macro Statistics
# ROMs                                                 : 1
 16x11-bit ROM                                         : 1
# Counters                                             : 3
 32-bit up counter                                     : 2
 8-bit up counter                                      : 1
# Registers                                            : 2
 1-bit register                                        : 1
 13-bit register                                       : 1
# Comparators                                          : 1
 32-bit comparator equal                               : 1

=========================================================================

=========================================================================
*                       Advanced HDL Synthesis                          *
=========================================================================

Reading core <PS2_Kbd.ngc>.
Reading core <DACWrite.ngc>.
Loading core <PS2_Kbd> for timing and area information for instance <XLXI_1>.
Loading core <DACWrite> for timing and area information for instance <XLXI_4>.
WARNING:Xst:2677 - Node <State_0> of sequential type is unconnected in block <XLXI_2>.
WARNING:Xst:2677 - Node <State_0> of sequential type is unconnected in block <KeyboardMapper>.

=========================================================================
Advanced HDL Synthesis Report

Macro Statistics
# ROMs                                                 : 1
 16x11-bit ROM                                         : 1
# Counters                                             : 2
 32-bit up counter                                     : 1
 8-bit up counter                                      : 1
# Registers                                            : 13
 Flip-Flops                                            : 13
# Comparators                                          : 1
 32-bit comparator equal                               : 1

=========================================================================

=========================================================================
*                         Low Level Synthesis                           *
=========================================================================

Optimizing unit <schemaWithKeyboard> ...

Optimizing unit <KeyboardMapper> ...

Optimizing unit <SawGenerator> ...

Mapping all equations...
Building and optimizing final netlist ...
Found area constraint ratio of 100 (+ 5) on block schemaWithKeyboard, actual ratio is 2.

Final Macro Processing ...

=========================================================================
Final Register Report

Macro Statistics
# Registers                                            : 53
 Flip-Flops                                            : 53

=========================================================================

=========================================================================
*                           Partition Report                            *
=========================================================================

Partition Implementation Status
-------------------------------

  No Partitions were found in this design.

-------------------------------

=========================================================================
*                            Final Report                               *
=========================================================================
Final Results
RTL Top Level Output File Name     : schemaWithKeyboard.ngr
Top Level Output File Name         : schemaWithKeyboard
Output Format                      : NGC
Optimization Goal                  : Speed
Keep Hierarchy                     : No

Design Statistics
# IOs                              : 14

Cell Usage :
# BELS                             : 281
#      GND                         : 3
#      INV                         : 11
#      LUT1                        : 44
#      LUT2                        : 17
#      LUT2_L                      : 2
#      LUT3                        : 34
#      LUT3_D                      : 1
#      LUT3_L                      : 1
#      LUT4                        : 51
#      LUT4_D                      : 6
#      LUT4_L                      : 3
#      MUXCY                       : 57
#      VCC                         : 3
#      XORCY                       : 48
# FlipFlops/Latches                : 145
#      FD                          : 18
#      FDE                         : 77
#      FDR                         : 39
#      FDRE                        : 9
#      FDRSE                       : 2
# Clock Buffers                    : 1
#      BUFGP                       : 1
# IO Buffers                       : 13
#      IBUF                        : 3
#      OBUF                        : 10
=========================================================================

Device utilization summary:
---------------------------

Selected Device : 3s500efg320-4 

 Number of Slices:                      105  out of   4656     2%  
 Number of Slice Flip Flops:            145  out of   9312     1%  
 Number of 4 input LUTs:                170  out of   9312     1%  
 Number of IOs:                          14
 Number of bonded IOBs:                  14  out of    232     6%  
 Number of GCLKs:                         1  out of     24     4%  

---------------------------
Partition Resource Summary:
---------------------------

  No Partitions were found in this design.

---------------------------


=========================================================================
TIMING REPORT

NOTE: THESE TIMING NUMBERS ARE ONLY A SYNTHESIS ESTIMATE.
      FOR ACCURATE TIMING INFORMATION PLEASE REFER TO THE TRACE REPORT
      GENERATED AFTER PLACE-and-ROUTE.

Clock Information:
------------------
-----------------------------------+------------------------+-------+
Clock Signal                       | Clock buffer(FF name)  | Load  |
-----------------------------------+------------------------+-------+
Clk                                | BUFGP                  | 145   |
-----------------------------------+------------------------+-------+

Asynchronous Control Signals Information:
----------------------------------------
No asynchronous control signals found in this design

Timing Summary:
---------------
Speed Grade: -4

   Minimum period: 10.424ns (Maximum Frequency: 95.935MHz)
   Minimum input arrival time before clock: 3.980ns
   Maximum output required time after clock: 5.620ns
   Maximum combinational path delay: 7.151ns

Timing Detail:
--------------
All values displayed in nanoseconds (ns)

=========================================================================
Timing constraint: Default period analysis for Clock 'Clk'
  Clock period: 10.424ns (frequency: 95.935MHz)
  Total number of paths / destination ports: 13972 / 266
-------------------------------------------------------------------------
Delay:               10.424ns (Levels of Logic = 11)
  Source:            XLXI_2/State_10 (FF)
  Destination:       XLXI_3/Cycle_Counter_31 (FF)
  Source Clock:      Clk rising
  Destination Clock: Clk rising

  Data Path: XLXI_2/State_10 to XLXI_3/Cycle_Counter_31
                                Gate     Net
    Cell:in->out      fanout   Delay   Delay  Logical Name (Net Name)
    ----------------------------------------  ------------
     FDE:C->Q              2   0.591   0.622  XLXI_2/State_10 (XLXI_2/State_10)
     LUT3:I0->O            1   0.704   0.424  XLXI_2/Temp_Code<1>_SW0 (N12)
     LUT4_D:I3->O         10   0.704   1.057  XLXI_2/Temp_Code<1> (XLXN_10<1>)
     LUT4:I0->O            1   0.704   0.424  XLXI_3/Mrom_Cycles_Per_Step11 (XLXI_3/Cycles_Per_Step<0>)
     LUT4:I3->O            1   0.704   0.000  XLXI_3/Mcompar_Cycle_Counter_cmp_eq0000_lut<6> (XLXI_3/Mcompar_Cycle_Counter_cmp_eq0000_lut<6>)
     MUXCY:S->O            1   0.464   0.000  XLXI_3/Mcompar_Cycle_Counter_cmp_eq0000_cy<6> (XLXI_3/Mcompar_Cycle_Counter_cmp_eq0000_cy<6>)
     MUXCY:CI->O           1   0.059   0.000  XLXI_3/Mcompar_Cycle_Counter_cmp_eq0000_cy<7> (XLXI_3/Mcompar_Cycle_Counter_cmp_eq0000_cy<7>)
     MUXCY:CI->O           1   0.059   0.000  XLXI_3/Mcompar_Cycle_Counter_cmp_eq0000_cy<8> (XLXI_3/Mcompar_Cycle_Counter_cmp_eq0000_cy<8>)
     MUXCY:CI->O           1   0.059   0.000  XLXI_3/Mcompar_Cycle_Counter_cmp_eq0000_cy<9> (XLXI_3/Mcompar_Cycle_Counter_cmp_eq0000_cy<9>)
     MUXCY:CI->O           1   0.059   0.000  XLXI_3/Mcompar_Cycle_Counter_cmp_eq0000_cy<10> (XLXI_3/Mcompar_Cycle_Counter_cmp_eq0000_cy<10>)
     MUXCY:CI->O           2   0.459   0.451  XLXI_3/Mcompar_Cycle_Counter_cmp_eq0000_cy<11> (XLXI_3/Mcompar_Cycle_Counter_cmp_eq0000_cy<11>)
     LUT4:I3->O           40   0.704   1.265  XLXI_3/Cycle_Counter_and00001 (XLXI_3/Cycle_Counter_and0000)
     FDR:R                     0.911          XLXI_3/Cycle_Counter_0
    ----------------------------------------
    Total                     10.424ns (6.181ns logic, 4.243ns route)
                                       (59.3% logic, 40.7% route)

=========================================================================
Timing constraint: Default OFFSET IN BEFORE for Clock 'Clk'
  Total number of paths / destination ports: 4 / 4
-------------------------------------------------------------------------
Offset:              3.980ns (Levels of Logic = 4)
  Source:            PS2_Data (PAD)
  Destination:       XLXI_1/ByteRdy (FF)
  Destination Clock: Clk rising

  Data Path: PS2_Data to XLXI_1/ByteRdy
                                Gate     Net
    Cell:in->out      fanout   Delay   Delay  Logical Name (Net Name)
    ----------------------------------------  ------------
     IBUF:I->O             2   1.218   0.622  PS2_Data_IBUF (PS2_Data_IBUF)
     begin scope: 'XLXI_1'
     LUT2:I0->O            1   0.704   0.424  ByteRdy_and0000_SW0_SW0 (N6)
     LUT4:I3->O            1   0.704   0.000  ByteRdy_and0000 (ByteRdy_and0000)
     FDR:D                     0.308          ByteRdy
    ----------------------------------------
    Total                      3.980ns (2.934ns logic, 1.046ns route)
                                       (73.7% logic, 26.3% route)

=========================================================================
Timing constraint: Default OFFSET OUT AFTER for Clock 'Clk'
  Total number of paths / destination ports: 3 / 3
-------------------------------------------------------------------------
Offset:              5.620ns (Levels of Logic = 3)
  Source:            XLXI_4/iBusy (FF)
  Destination:       DAC_CS (PAD)
  Source Clock:      Clk rising

  Data Path: XLXI_4/iBusy to DAC_CS
                                Gate     Net
    Cell:in->out      fanout   Delay   Delay  Logical Name (Net Name)
    ----------------------------------------  ------------
     FDRSE:C->Q            5   0.591   0.633  iBusy (iBusy)
     INV:I->O              1   0.704   0.420  DAC_CS1_INV_0 (DAC_CS)
     end scope: 'XLXI_4'
     OBUF:I->O                 3.272          DAC_CS_OBUF (DAC_CS)
    ----------------------------------------
    Total                      5.620ns (4.567ns logic, 1.053ns route)
                                       (81.3% logic, 18.7% route)

=========================================================================
Timing constraint: Default path analysis
  Total number of paths / destination ports: 1 / 1
-------------------------------------------------------------------------
Delay:               7.151ns (Levels of Logic = 4)
  Source:            Clk (PAD)
  Destination:       SPI_SCK (PAD)

  Data Path: Clk to SPI_SCK
                                Gate     Net
    Cell:in->out      fanout   Delay   Delay  Logical Name (Net Name)
    ----------------------------------------  ------------
     BUFGP:I->O          146   1.457   1.298  Clk_BUFGP (Clk_BUFGP)
     begin scope: 'XLXI_4'
     INV:I->O              1   0.704   0.420  SPI_SCK1_INV_0 (SPI_SCK)
     end scope: 'XLXI_4'
     OBUF:I->O                 3.272          SPI_SCK_OBUF (SPI_SCK)
    ----------------------------------------
    Total                      7.151ns (5.433ns logic, 1.718ns route)
                                       (76.0% logic, 24.0% route)

=========================================================================


Total REAL time to Xst completion: 5.00 secs
Total CPU time to Xst completion: 5.13 secs
 
--> 

Total memory usage is 4516160 kilobytes

Number of errors   :    0 (   0 filtered)
Number of warnings :    6 (   0 filtered)
Number of infos    :    0 (   0 filtered)

